Analysis & Synthesis report for Servomotor
Sun Sep 16 15:12:34 2018
Quartus Prime Version 17.1.0 Build 590 10/25/2017 SJ Lite Edition


---------------------
; Table of Contents ;
---------------------
  1. Legal Notice
  2. Analysis & Synthesis Summary
  3. Analysis & Synthesis Settings
  4. Parallel Compilation
  5. Analysis & Synthesis Source Files Read
  6. Analysis & Synthesis Resource Usage Summary
  7. Analysis & Synthesis Resource Utilization by Entity
  8. Registers Removed During Synthesis
  9. General Register Statistics
 10. Inverted Register Statistics
 11. Multiplexer Restructuring Statistics (Restructuring Performed)
 12. Port Connectivity Checks: "PWM:U3_1"
 13. Post-Synthesis Netlist Statistics for Top Partition
 14. Elapsed Time Per Partition
 15. Analysis & Synthesis Messages



----------------
; Legal Notice ;
----------------
Copyright (C) 2017  Intel Corporation. All rights reserved.
Your use of Intel Corporation's design tools, logic functions 
and other software and tools, and its AMPP partner logic 
functions, and any output files from any of the foregoing 
(including device programming or simulation files), and any 
associated documentation or information are expressly subject 
to the terms and conditions of the Intel Program License 
Subscription Agreement, the Intel Quartus Prime License Agreement,
the Intel FPGA IP License Agreement, or other applicable license
agreement, including, without limitation, that your use is for
the sole purpose of programming logic devices manufactured by
Intel and sold by Intel or its authorized distributors.  Please
refer to the applicable agreement for further details.



+----------------------------------------------------------------------------------+
; Analysis & Synthesis Summary                                                     ;
+------------------------------------+---------------------------------------------+
; Analysis & Synthesis Status        ; Successful - Sun Sep 16 15:12:34 2018       ;
; Quartus Prime Version              ; 17.1.0 Build 590 10/25/2017 SJ Lite Edition ;
; Revision Name                      ; Servomotor                                  ;
; Top-level Entity Name              ; generico                                    ;
; Family                             ; MAX 10                                      ;
; Total logic elements               ; 121                                         ;
;     Total combinational functions  ; 112                                         ;
;     Dedicated logic registers      ; 65                                          ;
; Total registers                    ; 65                                          ;
; Total pins                         ; 13                                          ;
; Total virtual pins                 ; 0                                           ;
; Total memory bits                  ; 0                                           ;
; Embedded Multiplier 9-bit elements ; 0                                           ;
; Total PLLs                         ; 0                                           ;
; UFM blocks                         ; 0                                           ;
; ADC blocks                         ; 0                                           ;
+------------------------------------+---------------------------------------------+


+----------------------------------------------------------------------------------------------------------------------+
; Analysis & Synthesis Settings                                                                                        ;
+----------------------------------------------------------------------------+--------------------+--------------------+
; Option                                                                     ; Setting            ; Default Value      ;
+----------------------------------------------------------------------------+--------------------+--------------------+
; Device                                                                     ; 10M50DAF484C7G     ;                    ;
; Top-level entity name                                                      ; generico           ; Servomotor         ;
; Family name                                                                ; MAX 10             ; Cyclone V          ;
; Use smart compilation                                                      ; Off                ; Off                ;
; Enable parallel Assembler and TimeQuest Timing Analyzer during compilation ; On                 ; On                 ;
; Enable compact report table                                                ; Off                ; Off                ;
; Restructure Multiplexers                                                   ; Auto               ; Auto               ;
; Create Debugging Nodes for IP Cores                                        ; Off                ; Off                ;
; Preserve fewer node names                                                  ; On                 ; On                 ;
; Intel FPGA IP Evaluation Mode                                              ; Enable             ; Enable             ;
; Verilog Version                                                            ; Verilog_2001       ; Verilog_2001       ;
; VHDL Version                                                               ; VHDL_1993          ; VHDL_1993          ;
; State Machine Processing                                                   ; Auto               ; Auto               ;
; Safe State Machine                                                         ; Off                ; Off                ;
; Extract Verilog State Machines                                             ; On                 ; On                 ;
; Extract VHDL State Machines                                                ; On                 ; On                 ;
; Ignore Verilog initial constructs                                          ; Off                ; Off                ;
; Iteration limit for constant Verilog loops                                 ; 5000               ; 5000               ;
; Iteration limit for non-constant Verilog loops                             ; 250                ; 250                ;
; Add Pass-Through Logic to Inferred RAMs                                    ; On                 ; On                 ;
; Infer RAMs from Raw Logic                                                  ; On                 ; On                 ;
; Parallel Synthesis                                                         ; On                 ; On                 ;
; DSP Block Balancing                                                        ; Auto               ; Auto               ;
; NOT Gate Push-Back                                                         ; On                 ; On                 ;
; Power-Up Don't Care                                                        ; On                 ; On                 ;
; Remove Redundant Logic Cells                                               ; Off                ; Off                ;
; Remove Duplicate Registers                                                 ; On                 ; On                 ;
; Ignore CARRY Buffers                                                       ; Off                ; Off                ;
; Ignore CASCADE Buffers                                                     ; Off                ; Off                ;
; Ignore GLOBAL Buffers                                                      ; Off                ; Off                ;
; Ignore ROW GLOBAL Buffers                                                  ; Off                ; Off                ;
; Ignore LCELL Buffers                                                       ; Off                ; Off                ;
; Ignore SOFT Buffers                                                        ; On                 ; On                 ;
; Limit AHDL Integers to 32 Bits                                             ; Off                ; Off                ;
; Optimization Technique                                                     ; Balanced           ; Balanced           ;
; Carry Chain Length                                                         ; 70                 ; 70                 ;
; Auto Carry Chains                                                          ; On                 ; On                 ;
; Auto Open-Drain Pins                                                       ; On                 ; On                 ;
; Perform WYSIWYG Primitive Resynthesis                                      ; Off                ; Off                ;
; Auto ROM Replacement                                                       ; On                 ; On                 ;
; Auto RAM Replacement                                                       ; On                 ; On                 ;
; Auto DSP Block Replacement                                                 ; On                 ; On                 ;
; Auto Shift Register Replacement                                            ; Auto               ; Auto               ;
; Allow Shift Register Merging across Hierarchies                            ; Auto               ; Auto               ;
; Auto Clock Enable Replacement                                              ; On                 ; On                 ;
; Strict RAM Replacement                                                     ; Off                ; Off                ;
; Allow Synchronous Control Signals                                          ; On                 ; On                 ;
; Force Use of Synchronous Clear Signals                                     ; Off                ; Off                ;
; Auto RAM Block Balancing                                                   ; On                 ; On                 ;
; Auto RAM to Logic Cell Conversion                                          ; Off                ; Off                ;
; Auto Resource Sharing                                                      ; Off                ; Off                ;
; Allow Any RAM Size For Recognition                                         ; Off                ; Off                ;
; Allow Any ROM Size For Recognition                                         ; Off                ; Off                ;
; Allow Any Shift Register Size For Recognition                              ; Off                ; Off                ;
; Use LogicLock Constraints during Resource Balancing                        ; On                 ; On                 ;
; Ignore translate_off and synthesis_off directives                          ; Off                ; Off                ;
; Timing-Driven Synthesis                                                    ; On                 ; On                 ;
; Report Parameter Settings                                                  ; On                 ; On                 ;
; Report Source Assignments                                                  ; On                 ; On                 ;
; Report Connectivity Checks                                                 ; On                 ; On                 ;
; Ignore Maximum Fan-Out Assignments                                         ; Off                ; Off                ;
; Synchronization Register Chain Length                                      ; 2                  ; 2                  ;
; Power Optimization During Synthesis                                        ; Normal compilation ; Normal compilation ;
; HDL message level                                                          ; Level2             ; Level2             ;
; Suppress Register Optimization Related Messages                            ; Off                ; Off                ;
; Number of Removed Registers Reported in Synthesis Report                   ; 5000               ; 5000               ;
; Number of Swept Nodes Reported in Synthesis Report                         ; 5000               ; 5000               ;
; Number of Inverted Registers Reported in Synthesis Report                  ; 100                ; 100                ;
; Clock MUX Protection                                                       ; On                 ; On                 ;
; Auto Gated Clock Conversion                                                ; Off                ; Off                ;
; Block Design Naming                                                        ; Auto               ; Auto               ;
; SDC constraint protection                                                  ; Off                ; Off                ;
; Synthesis Effort                                                           ; Auto               ; Auto               ;
; Shift Register Replacement - Allow Asynchronous Clear Signal               ; On                 ; On                 ;
; Pre-Mapping Resynthesis Optimization                                       ; Off                ; Off                ;
; Analysis & Synthesis Message Level                                         ; Medium             ; Medium             ;
; Disable Register Merging Across Hierarchies                                ; Auto               ; Auto               ;
; Resource Aware Inference For Block RAM                                     ; On                 ; On                 ;
+----------------------------------------------------------------------------+--------------------+--------------------+


+------------------------------------------+
; Parallel Compilation                     ;
+----------------------------+-------------+
; Processors                 ; Number      ;
+----------------------------+-------------+
; Number detected on machine ; 2           ;
; Maximum allowed            ; 2           ;
;                            ;             ;
; Average used               ; 1.00        ;
; Maximum used               ; 2           ;
;                            ;             ;
; Usage by Processor         ; % Time Used ;
;     Processor 1            ; 100.0%      ;
;     Processor 2            ;   0.0%      ;
+----------------------------+-------------+


+------------------------------------------------------------------------------------------------------------------------------------------------------------------------------+
; Analysis & Synthesis Source Files Read                                                                                                                                       ;
+----------------------------------+-----------------+-----------------+---------------------------------------------------------------------------------------------+---------+
; File Name with User-Entered Path ; Used in Netlist ; File Type       ; File Name with Absolute Path                                                                ; Library ;
+----------------------------------+-----------------+-----------------+---------------------------------------------------------------------------------------------+---------+
; Servomotor.vhd                   ; yes             ; User VHDL File  ; C:/Users/ruben/Desktop/Usb mia/Practicas de diseño vlsi/Practica4/Servomotor.vhd            ;         ;
; Divisor.vhd                      ; yes             ; User VHDL File  ; C:/Users/ruben/Desktop/Usb mia/Practicas de diseño vlsi/Practica4/Divisor.vhd               ;         ;
; PWM.vhd                          ; yes             ; User VHDL File  ; C:/Users/ruben/Desktop/Usb mia/Practicas de diseño vlsi/Practica4/PWM.vhd                   ;         ;
; output_files/generico.vhd        ; yes             ; User VHDL File  ; C:/Users/ruben/Desktop/Usb mia/Practicas de diseño vlsi/Practica4/output_files/generico.vhd ;         ;
+----------------------------------+-----------------+-----------------+---------------------------------------------------------------------------------------------+---------+


+---------------------------------------------------------------------+
; Analysis & Synthesis Resource Usage Summary                         ;
+---------------------------------------------+-----------------------+
; Resource                                    ; Usage                 ;
+---------------------------------------------+-----------------------+
; Estimated Total logic elements              ; 121                   ;
;                                             ;                       ;
; Total combinational functions               ; 112                   ;
; Logic element usage by number of LUT inputs ;                       ;
;     -- 4 input functions                    ; 10                    ;
;     -- 3 input functions                    ; 47                    ;
;     -- <=2 input functions                  ; 55                    ;
;                                             ;                       ;
; Logic elements by mode                      ;                       ;
;     -- normal mode                          ; 52                    ;
;     -- arithmetic mode                      ; 60                    ;
;                                             ;                       ;
; Total registers                             ; 65                    ;
;     -- Dedicated logic registers            ; 65                    ;
;     -- I/O registers                        ; 0                     ;
;                                             ;                       ;
; I/O pins                                    ; 13                    ;
;                                             ;                       ;
; Embedded Multiplier 9-bit elements          ; 0                     ;
;                                             ;                       ;
; Maximum fan-out node                        ; Divisor:U1|cuenta[11] ;
; Maximum fan-out                             ; 53                    ;
; Total fan-out                               ; 466                   ;
; Average fan-out                             ; 2.27                  ;
+---------------------------------------------+-----------------------+


+----------------------------------------------------------------------------------------------------------------------------------------------------------------------------------------------------------------------------------------+
; Analysis & Synthesis Resource Utilization by Entity                                                                                                                                                                                    ;
+----------------------------+---------------------+---------------------------+-------------+------------+--------------+---------+-----------+------+--------------+------------+-------------------------+-------------+--------------+
; Compilation Hierarchy Node ; Combinational ALUTs ; Dedicated Logic Registers ; Memory Bits ; UFM Blocks ; DSP Elements ; DSP 9x9 ; DSP 18x18 ; Pins ; Virtual Pins ; ADC blocks ; Full Hierarchy Name     ; Entity Name ; Library Name ;
+----------------------------+---------------------+---------------------------+-------------+------------+--------------+---------+-----------+------+--------------+------------+-------------------------+-------------+--------------+
; |generico                  ; 112 (3)             ; 65 (1)                    ; 0           ; 0          ; 0            ; 0       ; 0         ; 13   ; 0            ; 0          ; |generico               ; generico    ; work         ;
;    |Divisor:U1|            ; 12 (12)             ; 12 (12)                   ; 0           ; 0          ; 0            ; 0       ; 0         ; 0    ; 0            ; 0          ; |generico|Divisor:U1    ; Divisor     ; work         ;
;    |PWM:U2|                ; 16 (16)             ; 9 (9)                     ; 0           ; 0          ; 0            ; 0       ; 0         ; 0    ; 0            ; 0          ; |generico|PWM:U2        ; PWM         ; work         ;
;    |PWM:U3|                ; 15 (15)             ; 1 (1)                     ; 0           ; 0          ; 0            ; 0       ; 0         ; 0    ; 0            ; 0          ; |generico|PWM:U3        ; PWM         ; work         ;
;    |Servomotor:U4|         ; 39 (39)             ; 26 (26)                   ; 0           ; 0          ; 0            ; 0       ; 0         ; 0    ; 0            ; 0          ; |generico|Servomotor:U4 ; Servomotor  ; work         ;
;    |Servomotor:U6|         ; 27 (27)             ; 16 (16)                   ; 0           ; 0          ; 0            ; 0       ; 0         ; 0    ; 0            ; 0          ; |generico|Servomotor:U6 ; Servomotor  ; work         ;
+----------------------------+---------------------+---------------------------+-------------+------------+--------------+---------+-----------+------+--------------+------------+-------------------------+-------------+--------------+
Note: For table entries with two numbers listed, the numbers in parentheses indicate the number of resources of the given type used by the specific entity alone. The numbers listed outside of parentheses indicate the total resources of the given type used by the specific entity and all of its sub-entities in the hierarchy.


+------------------------------------------------------------------------------+
; Registers Removed During Synthesis                                           ;
+----------------------------------------+-------------------------------------+
; Register name                          ; Reason for Removal                  ;
+----------------------------------------+-------------------------------------+
; PWM:U3|Cuenta[7]                       ; Merged with PWM:U2|Cuenta[7]        ;
; PWM:U3|Cuenta[6]                       ; Merged with PWM:U2|Cuenta[6]        ;
; PWM:U3|Cuenta[5]                       ; Merged with PWM:U2|Cuenta[5]        ;
; PWM:U3|Cuenta[4]                       ; Merged with PWM:U2|Cuenta[4]        ;
; PWM:U3|Cuenta[3]                       ; Merged with PWM:U2|Cuenta[3]        ;
; PWM:U3|Cuenta[2]                       ; Merged with PWM:U2|Cuenta[2]        ;
; PWM:U3|Cuenta[1]                       ; Merged with PWM:U2|Cuenta[1]        ;
; PWM:U3|Cuenta[0]                       ; Merged with PWM:U2|Cuenta[0]        ;
; Servomotor:U4|valor[7]                 ; Merged with Servomotor:U4|ancho1[7] ;
; Servomotor:U6|cuenta[9]                ; Merged with Servomotor:U4|cuenta[9] ;
; Servomotor:U6|cuenta[8]                ; Merged with Servomotor:U4|cuenta[8] ;
; Servomotor:U6|cuenta[7]                ; Merged with Servomotor:U4|cuenta[7] ;
; Servomotor:U6|cuenta[6]                ; Merged with Servomotor:U4|cuenta[6] ;
; Servomotor:U6|cuenta[5]                ; Merged with Servomotor:U4|cuenta[5] ;
; Servomotor:U6|cuenta[4]                ; Merged with Servomotor:U4|cuenta[4] ;
; Servomotor:U6|cuenta[3]                ; Merged with Servomotor:U4|cuenta[3] ;
; Servomotor:U6|cuenta[2]                ; Merged with Servomotor:U4|cuenta[2] ;
; Servomotor:U6|cuenta[1]                ; Merged with Servomotor:U4|cuenta[1] ;
; Servomotor:U6|cuenta[0]                ; Merged with Servomotor:U4|cuenta[0] ;
; Servomotor:U4|valor[6]                 ; Merged with Servomotor:U4|ancho1[6] ;
; Servomotor:U4|valor[5]                 ; Merged with Servomotor:U4|ancho1[5] ;
; Servomotor:U4|valor[4]                 ; Merged with Servomotor:U4|ancho1[4] ;
; Servomotor:U4|valor[3]                 ; Merged with Servomotor:U4|ancho1[3] ;
; Servomotor:U4|valor[2]                 ; Merged with Servomotor:U4|ancho1[2] ;
; Servomotor:U4|valor[1]                 ; Merged with Servomotor:U4|ancho1[1] ;
; Servomotor:U4|valor[0]                 ; Merged with Servomotor:U4|ancho1[0] ;
; Servomotor:U6|valor[7]                 ; Merged with Servomotor:U6|ancho1[7] ;
; Servomotor:U6|valor[6]                 ; Merged with Servomotor:U6|ancho1[6] ;
; Servomotor:U6|valor[5]                 ; Merged with Servomotor:U6|ancho1[5] ;
; Servomotor:U6|valor[4]                 ; Merged with Servomotor:U6|ancho1[4] ;
; Servomotor:U6|valor[3]                 ; Merged with Servomotor:U6|ancho1[3] ;
; Servomotor:U6|valor[2]                 ; Merged with Servomotor:U6|ancho1[2] ;
; Servomotor:U6|valor[1]                 ; Merged with Servomotor:U6|ancho1[1] ;
; Servomotor:U6|valor[0]                 ; Merged with Servomotor:U6|ancho1[0] ;
; Divisor:U1|cuenta[12..27]              ; Lost fanout                         ;
; Total Number of Removed Registers = 50 ;                                     ;
+----------------------------------------+-------------------------------------+


+------------------------------------------------------+
; General Register Statistics                          ;
+----------------------------------------------+-------+
; Statistic                                    ; Value ;
+----------------------------------------------+-------+
; Total registers                              ; 65    ;
; Number of registers using Synchronous Clear  ; 0     ;
; Number of registers using Synchronous Load   ; 10    ;
; Number of registers using Asynchronous Clear ; 0     ;
; Number of registers using Asynchronous Load  ; 0     ;
; Number of registers using Clock Enable       ; 32    ;
; Number of registers using Preset             ; 0     ;
+----------------------------------------------+-------+


+--------------------------------------------------+
; Inverted Register Statistics                     ;
+----------------------------------------+---------+
; Inverted Register                      ; Fan out ;
+----------------------------------------+---------+
; Servomotor:U4|ancho1[3]                ; 4       ;
; Servomotor:U4|ancho1[2]                ; 3       ;
; Servomotor:U4|ancho1[1]                ; 3       ;
; Servomotor:U4|ancho1[0]                ; 2       ;
; Servomotor:U6|ancho1[3]                ; 4       ;
; Servomotor:U6|ancho1[2]                ; 3       ;
; Servomotor:U6|ancho1[1]                ; 3       ;
; Servomotor:U6|ancho1[0]                ; 2       ;
; Total number of inverted registers = 8 ;         ;
+----------------------------------------+---------+


+-------------------------------------------------------------------------------------------------------------------------------------------------+
; Multiplexer Restructuring Statistics (Restructuring Performed)                                                                                  ;
+--------------------+-----------+---------------+----------------------+------------------------+------------+-----------------------------------+
; Multiplexer Inputs ; Bus Width ; Baseline Area ; Area if Restructured ; Saving if Restructured ; Registered ; Example Multiplexer Output        ;
+--------------------+-----------+---------------+----------------------+------------------------+------------+-----------------------------------+
; 4:1                ; 4 bits    ; 8 LEs         ; 8 LEs                ; 0 LEs                  ; Yes        ; |generico|Servomotor:U4|ancho1[7] ;
; 4:1                ; 4 bits    ; 8 LEs         ; 8 LEs                ; 0 LEs                  ; Yes        ; |generico|Servomotor:U6|ancho1[7] ;
; 4:1                ; 4 bits    ; 8 LEs         ; 8 LEs                ; 0 LEs                  ; Yes        ; |generico|Servomotor:U4|ancho1[3] ;
; 4:1                ; 4 bits    ; 8 LEs         ; 8 LEs                ; 0 LEs                  ; Yes        ; |generico|Servomotor:U6|ancho1[3] ;
+--------------------+-----------+---------------+----------------------+------------------------+------------+-----------------------------------+


+----------------------------------------------------------------------------------------------------------------+
; Port Connectivity Checks: "PWM:U3_1"                                                                           ;
+------+--------+----------+-------------------------------------------------------------------------------------+
; Port ; Type   ; Severity ; Details                                                                             ;
+------+--------+----------+-------------------------------------------------------------------------------------+
; s    ; Output ; Info     ; Connected to dangling logic. Logic that only feeds a dangling port will be removed. ;
+------+--------+----------+-------------------------------------------------------------------------------------+


+-----------------------------------------------------+
; Post-Synthesis Netlist Statistics for Top Partition ;
+-----------------------+-----------------------------+
; Type                  ; Count                       ;
+-----------------------+-----------------------------+
; boundary_port         ; 13                          ;
; cycloneiii_ff         ; 65                          ;
;     ENA               ; 32                          ;
;     SLD               ; 10                          ;
;     plain             ; 23                          ;
; cycloneiii_io_obuf    ; 2                           ;
; cycloneiii_lcell_comb ; 112                         ;
;     arith             ; 60                          ;
;         2 data inputs ; 32                          ;
;         3 data inputs ; 28                          ;
;     normal            ; 52                          ;
;         1 data inputs ; 13                          ;
;         2 data inputs ; 10                          ;
;         3 data inputs ; 19                          ;
;         4 data inputs ; 10                          ;
;                       ;                             ;
; Max LUT depth         ; 4.60                        ;
; Average LUT depth     ; 2.65                        ;
+-----------------------+-----------------------------+


+-------------------------------+
; Elapsed Time Per Partition    ;
+----------------+--------------+
; Partition Name ; Elapsed Time ;
+----------------+--------------+
; Top            ; 00:00:06     ;
+----------------+--------------+


+-------------------------------+
; Analysis & Synthesis Messages ;
+-------------------------------+
Info: *******************************************************************
Info: Running Quartus Prime Analysis & Synthesis
    Info: Version 17.1.0 Build 590 10/25/2017 SJ Lite Edition
    Info: Processing started: Sun Sep 16 15:11:10 2018
Info: Command: quartus_map --read_settings_files=on --write_settings_files=off Servomotor -c Servomotor
Warning (18236): Number of processors has not been specified which may cause overloading on shared machines.  Set the global assignment NUM_PARALLEL_PROCESSORS in your QSF to an appropriate value for best performance.
Info (20030): Parallel compilation is enabled and will use 2 of the 2 processors detected
Info (12021): Found 2 design units, including 1 entities, in source file servomotor.vhd
    Info (12022): Found design unit 1: Servomotor-Behavioral File: C:/Users/ruben/Desktop/Usb mia/Practicas de diseño vlsi/Practica4/Servomotor.vhd Line: 17
    Info (12023): Found entity 1: Servomotor File: C:/Users/ruben/Desktop/Usb mia/Practicas de diseño vlsi/Practica4/Servomotor.vhd Line: 6
Info (12021): Found 2 design units, including 1 entities, in source file divisor.vhd
    Info (12022): Found design unit 1: Divisor-Behavioral File: C:/Users/ruben/Desktop/Usb mia/Practicas de diseño vlsi/Practica4/Divisor.vhd Line: 11
    Info (12023): Found entity 1: Divisor File: C:/Users/ruben/Desktop/Usb mia/Practicas de diseño vlsi/Practica4/Divisor.vhd Line: 6
Info (12021): Found 2 design units, including 1 entities, in source file pwm.vhd
    Info (12022): Found design unit 1: PWM-Behavioral File: C:/Users/ruben/Desktop/Usb mia/Practicas de diseño vlsi/Practica4/PWM.vhd Line: 12
    Info (12023): Found entity 1: PWM File: C:/Users/ruben/Desktop/Usb mia/Practicas de diseño vlsi/Practica4/PWM.vhd Line: 6
Info (12021): Found 2 design units, including 1 entities, in source file output_files/generico.vhd
    Info (12022): Found design unit 1: generico-Behavorial File: C:/Users/ruben/Desktop/Usb mia/Practicas de diseño vlsi/Practica4/output_files/generico.vhd Line: 24
    Info (12023): Found entity 1: generico File: C:/Users/ruben/Desktop/Usb mia/Practicas de diseño vlsi/Practica4/output_files/generico.vhd Line: 6
Info (12127): Elaborating entity "generico" for the top level hierarchy
Warning (10541): VHDL Signal Declaration warning at generico.vhd(28): used implicit default value for signal "ancho3" because signal was never assigned a value or an explicit default value. Use of implicit default value may introduce unintended design optimizations. File: C:/Users/ruben/Desktop/Usb mia/Practicas de diseño vlsi/Practica4/output_files/generico.vhd Line: 28
Warning (10036): Verilog HDL or VHDL warning at generico.vhd(31): object "controlc" assigned a value but never read File: C:/Users/ruben/Desktop/Usb mia/Practicas de diseño vlsi/Practica4/output_files/generico.vhd Line: 31
Warning (10492): VHDL Process Statement warning at generico.vhd(75): signal "cambioa" is read inside the Process Statement but isn't in the Process Statement's sensitivity list File: C:/Users/ruben/Desktop/Usb mia/Practicas de diseño vlsi/Practica4/output_files/generico.vhd Line: 75
Warning (10492): VHDL Process Statement warning at generico.vhd(76): signal "cambiob" is read inside the Process Statement but isn't in the Process Statement's sensitivity list File: C:/Users/ruben/Desktop/Usb mia/Practicas de diseño vlsi/Practica4/output_files/generico.vhd Line: 76
Warning (10492): VHDL Process Statement warning at generico.vhd(77): signal "Pfin1" is read inside the Process Statement but isn't in the Process Statement's sensitivity list File: C:/Users/ruben/Desktop/Usb mia/Practicas de diseño vlsi/Practica4/output_files/generico.vhd Line: 77
Warning (10492): VHDL Process Statement warning at generico.vhd(78): signal "Pini1" is read inside the Process Statement but isn't in the Process Statement's sensitivity list File: C:/Users/ruben/Desktop/Usb mia/Practicas de diseño vlsi/Practica4/output_files/generico.vhd Line: 78
Warning (10492): VHDL Process Statement warning at generico.vhd(79): signal "Dec1" is read inside the Process Statement but isn't in the Process Statement's sensitivity list File: C:/Users/ruben/Desktop/Usb mia/Practicas de diseño vlsi/Practica4/output_files/generico.vhd Line: 79
Warning (10492): VHDL Process Statement warning at generico.vhd(80): signal "Inc1" is read inside the Process Statement but isn't in the Process Statement's sensitivity list File: C:/Users/ruben/Desktop/Usb mia/Practicas de diseño vlsi/Practica4/output_files/generico.vhd Line: 80
Warning (10492): VHDL Process Statement warning at generico.vhd(82): signal "cambiob" is read inside the Process Statement but isn't in the Process Statement's sensitivity list File: C:/Users/ruben/Desktop/Usb mia/Practicas de diseño vlsi/Practica4/output_files/generico.vhd Line: 82
Warning (10631): VHDL Process Statement warning at generico.vhd(70): inferring latch(es) for signal or variable "pini", which holds its previous value in one or more paths through the process File: C:/Users/ruben/Desktop/Usb mia/Practicas de diseño vlsi/Practica4/output_files/generico.vhd Line: 70
Warning (10631): VHDL Process Statement warning at generico.vhd(70): inferring latch(es) for signal or variable "pfin", which holds its previous value in one or more paths through the process File: C:/Users/ruben/Desktop/Usb mia/Practicas de diseño vlsi/Practica4/output_files/generico.vhd Line: 70
Warning (10631): VHDL Process Statement warning at generico.vhd(70): inferring latch(es) for signal or variable "inc", which holds its previous value in one or more paths through the process File: C:/Users/ruben/Desktop/Usb mia/Practicas de diseño vlsi/Practica4/output_files/generico.vhd Line: 70
Warning (10631): VHDL Process Statement warning at generico.vhd(70): inferring latch(es) for signal or variable "dec", which holds its previous value in one or more paths through the process File: C:/Users/ruben/Desktop/Usb mia/Practicas de diseño vlsi/Practica4/output_files/generico.vhd Line: 70
Info (10041): Inferred latch for "dec" at generico.vhd(70) File: C:/Users/ruben/Desktop/Usb mia/Practicas de diseño vlsi/Practica4/output_files/generico.vhd Line: 70
Info (10041): Inferred latch for "inc" at generico.vhd(70) File: C:/Users/ruben/Desktop/Usb mia/Practicas de diseño vlsi/Practica4/output_files/generico.vhd Line: 70
Info (10041): Inferred latch for "pfin" at generico.vhd(70) File: C:/Users/ruben/Desktop/Usb mia/Practicas de diseño vlsi/Practica4/output_files/generico.vhd Line: 70
Info (10041): Inferred latch for "pini" at generico.vhd(70) File: C:/Users/ruben/Desktop/Usb mia/Practicas de diseño vlsi/Practica4/output_files/generico.vhd Line: 70
Info (12128): Elaborating entity "Divisor" for hierarchy "Divisor:U1" File: C:/Users/ruben/Desktop/Usb mia/Practicas de diseño vlsi/Practica4/output_files/generico.vhd Line: 62
Info (12128): Elaborating entity "PWM" for hierarchy "PWM:U2" File: C:/Users/ruben/Desktop/Usb mia/Practicas de diseño vlsi/Practica4/output_files/generico.vhd Line: 63
Info (12128): Elaborating entity "Servomotor" for hierarchy "Servomotor:U4" File: C:/Users/ruben/Desktop/Usb mia/Practicas de diseño vlsi/Practica4/output_files/generico.vhd Line: 68
Warning (13034): The following nodes have both tri-state and non-tri-state drivers
    Warning (13035): Inserted always-enabled tri-state buffer between "control1" and its non-tri-state driver. File: C:/Users/ruben/Desktop/Usb mia/Practicas de diseño vlsi/Practica4/output_files/generico.vhd Line: 13
    Warning (13035): Inserted always-enabled tri-state buffer between "control2" and its non-tri-state driver. File: C:/Users/ruben/Desktop/Usb mia/Practicas de diseño vlsi/Practica4/output_files/generico.vhd Line: 18
Warning (13009): TRI or OPNDRN buffers permanently enabled
    Warning (13010): Node "control1~synth" File: C:/Users/ruben/Desktop/Usb mia/Practicas de diseño vlsi/Practica4/output_files/generico.vhd Line: 13
    Warning (13010): Node "control2~synth" File: C:/Users/ruben/Desktop/Usb mia/Practicas de diseño vlsi/Practica4/output_files/generico.vhd Line: 18
Info (286030): Timing-Driven Synthesis is running
Info (17049): 16 registers lost all their fanouts during netlist optimizations.
Info (16010): Generating hard_block partition "hard_block:auto_generated_inst"
    Info (16011): Adding 0 node(s), including 0 DDIO, 0 PLL, 0 transceiver and 0 LCELL
Warning (21074): Design contains 1 input pin(s) that do not drive logic
    Warning (15610): No output dependent on input pin "cambio1a" File: C:/Users/ruben/Desktop/Usb mia/Practicas de diseño vlsi/Practica4/output_files/generico.vhd Line: 20
Info (21057): Implemented 142 device resources after synthesis - the final resource count might be different
    Info (21058): Implemented 11 input pins
    Info (21059): Implemented 0 output pins
    Info (21060): Implemented 2 bidirectional pins
    Info (21061): Implemented 129 logic cells
Info: Quartus Prime Analysis & Synthesis was successful. 0 errors, 22 warnings
    Info: Peak virtual memory: 708 megabytes
    Info: Processing ended: Sun Sep 16 15:12:34 2018
    Info: Elapsed time: 00:01:24
    Info: Total CPU time (on all processors): 00:01:26


